<?xml version="1.0" encoding="UTF-8"?>
<!-- Generated by org.testng.reporters.JUnitXMLReporter -->
<testsuite hostname="LAPTOP-1BEDVP8K" ignored="0" name="Default test" tests="4" failures="0" timestamp="16 May 2018 07:32:27 GMT" time="0.03" errors="0">
  <testcase name="div" time="0.008" classname="com.qa.test.DemoTest"/>
  <testcase name="mul" time="0.002" classname="com.qa.test.DemoTest"/>
  <testcase name="sub" time="0.0" classname="com.qa.test.DemoTest"/>
  <testcase name="sum" time="0.004" classname="com.qa.test.DemoTest"/>
</testsuite> <!-- Default test -->
