<?xml version="1.0" encoding="UTF-8"?>
<testng-results skipped="0" failed="0" ignored="0" total="4" passed="4">
  <reporter-output>
  </reporter-output>
  <suite name="com.qa.test.DemoTest" duration-ms="24" started-at="2018-05-16T08:01:04Z" finished-at="2018-05-16T08:01:04Z">
    <groups>
    </groups>
    <test name="Command line test" duration-ms="24" started-at="2018-05-16T08:01:04Z" finished-at="2018-05-16T08:01:04Z">
      <class name="com.qa.test.DemoTest">
        <test-method status="PASS" signature="div()[pri:0, instance:com.qa.test.DemoTest@7a79be86]" name="div" duration-ms="8" started-at="2018-05-16T13:31:04Z" finished-at="2018-05-16T13:31:04Z">
          <reporter-output>
          </reporter-output>
        </test-method> <!-- div -->
        <test-method status="PASS" signature="sum()[pri:0, instance:com.qa.test.DemoTest@7a79be86]" name="sum" duration-ms="0" started-at="2018-05-16T13:31:04Z" finished-at="2018-05-16T13:31:04Z">
          <reporter-output>
          </reporter-output>
        </test-method> <!-- sum -->
        <test-method status="PASS" signature="sub()[pri:0, instance:com.qa.test.DemoTest@7a79be86]" name="sub" duration-ms="0" started-at="2018-05-16T13:31:04Z" finished-at="2018-05-16T13:31:04Z">
          <reporter-output>
          </reporter-output>
        </test-method> <!-- sub -->
        <test-method status="PASS" signature="mul()[pri:0, instance:com.qa.test.DemoTest@7a79be86]" name="mul" duration-ms="0" started-at="2018-05-16T13:31:04Z" finished-at="2018-05-16T13:31:04Z">
          <reporter-output>
          </reporter-output>
        </test-method> <!-- mul -->
      </class> <!-- com.qa.test.DemoTest -->
    </test> <!-- Command line test -->
  </suite> <!-- com.qa.test.DemoTest -->
</testng-results>
