<?xml version="1.0" encoding="UTF-8"?>
<testng-results skipped="0" failed="0" ignored="0" total="4" passed="4">
  <reporter-output>
  </reporter-output>
  <suite name="Default suite" duration-ms="30" started-at="2018-05-16T07:32:27Z" finished-at="2018-05-16T07:32:27Z">
    <groups>
    </groups>
    <test name="Default test" duration-ms="30" started-at="2018-05-16T07:32:27Z" finished-at="2018-05-16T07:32:27Z">
      <class name="com.qa.test.DemoTest">
        <test-method status="PASS" signature="div()[pri:0, instance:com.qa.test.DemoTest@735b5592]" name="div" duration-ms="8" started-at="2018-05-16T13:02:27Z" finished-at="2018-05-16T13:02:27Z">
          <reporter-output>
          </reporter-output>
        </test-method> <!-- div -->
        <test-method status="PASS" signature="mul()[pri:0, instance:com.qa.test.DemoTest@735b5592]" name="mul" duration-ms="2" started-at="2018-05-16T13:02:27Z" finished-at="2018-05-16T13:02:27Z">
          <reporter-output>
          </reporter-output>
        </test-method> <!-- mul -->
        <test-method status="PASS" signature="sum()[pri:0, instance:com.qa.test.DemoTest@735b5592]" name="sum" duration-ms="4" started-at="2018-05-16T13:02:27Z" finished-at="2018-05-16T13:02:27Z">
          <reporter-output>
          </reporter-output>
        </test-method> <!-- sum -->
        <test-method status="PASS" signature="sub()[pri:0, instance:com.qa.test.DemoTest@735b5592]" name="sub" duration-ms="0" started-at="2018-05-16T13:02:27Z" finished-at="2018-05-16T13:02:27Z">
          <reporter-output>
          </reporter-output>
        </test-method> <!-- sub -->
      </class> <!-- com.qa.test.DemoTest -->
    </test> <!-- Default test -->
  </suite> <!-- Default suite -->
</testng-results>
